<?xml version="1.0"?>
<testsuite name="PhantomJS 2.1.1 (Mac OS X 0.0.0)" package="" timestamp="2018-07-26T13:27:51" id="0" hostname="MacBook-Pro.local" tests="1" errors="0" failures="0" time="0.001">
  <properties>
    <property name="browser.fullName" value="Mozilla/5.0 (Macintosh; Intel Mac OS X) AppleWebKit/538.1 (KHTML, like Gecko) PhantomJS/2.1.1 Safari/538.1"/>
  </properties>
  <testcase name="simple no-op test should always pass" time="0.001" classname="simple no-op test"/>
  <system-out>
    <![CDATA[
]]>
  </system-out>
  <system-err/>
</testsuite>